<?xml version="1.0" encoding="UTF-8"?>
<testng-results ignored="0" total="2" passed="2" failed="0" skipped="0">
  <reporter-output>
  </reporter-output>
  <suite started-at="2024-05-23T10:34:44 IST" name="Suite" finished-at="2024-05-23T10:36:07 IST" duration-ms="82965">
    <groups>
    </groups>
    <test started-at="2024-05-23T10:34:44 IST" name="Test" finished-at="2024-05-23T10:36:07 IST" duration-ms="82965">
      <class name="com.SwagLab.testScripts.ProductOrder">
        <test-method is-config="true" signature="openBrowser(java.lang.String)[pri:0, instance:com.SwagLab.testScripts.ProductOrder@49e53c76]" started-at="2024-05-23T10:34:44 IST" name="openBrowser" finished-at="2024-05-23T10:34:59 IST" duration-ms="15029" status="PASS">
          <params>
            <param index="0">
              <value>
                <![CDATA[firefox]]>
              </value>
            </param>
          </params>
          <reporter-output>
          </reporter-output>
        </test-method> <!-- openBrowser -->
        <test-method is-config="true" signature="logIn()[pri:0, instance:com.SwagLab.testScripts.ProductOrder@49e53c76]" started-at="2024-05-23T10:34:59 IST" name="logIn" finished-at="2024-05-23T10:35:05 IST" duration-ms="5123" status="PASS">
          <reporter-output>
          </reporter-output>
        </test-method> <!-- logIn -->
        <test-method signature="productOrder()[pri:0, instance:com.SwagLab.testScripts.ProductOrder@49e53c76]" started-at="2024-05-23T10:35:05 IST" name="productOrder" finished-at="2024-05-23T10:35:33 IST" duration-ms="27987" status="PASS">
          <reporter-output>
          </reporter-output>
        </test-method> <!-- productOrder -->
        <test-method is-config="true" signature="logOut()[pri:0, instance:com.SwagLab.testScripts.ProductOrder@49e53c76]" started-at="2024-05-23T10:35:33 IST" name="logOut" finished-at="2024-05-23T10:35:37 IST" duration-ms="4532" status="PASS">
          <reporter-output>
          </reporter-output>
        </test-method> <!-- logOut -->
        <test-method is-config="true" signature="closeBrowser()[pri:0, instance:com.SwagLab.testScripts.ProductOrder@49e53c76]" started-at="2024-05-23T10:35:37 IST" name="closeBrowser" finished-at="2024-05-23T10:35:39 IST" duration-ms="2080" status="PASS">
          <reporter-output>
          </reporter-output>
        </test-method> <!-- closeBrowser -->
      </class> <!-- com.SwagLab.testScripts.ProductOrder -->
      <class name="com.SwagLab.testScripts.AboutSwagLab">
        <test-method is-config="true" signature="openBrowser(java.lang.String)[pri:0, instance:com.SwagLab.testScripts.AboutSwagLab@145f66e3]" started-at="2024-05-23T10:35:39 IST" name="openBrowser" finished-at="2024-05-23T10:35:45 IST" duration-ms="5421" status="PASS">
          <params>
            <param index="0">
              <value>
                <![CDATA[firefox]]>
              </value>
            </param>
          </params>
          <reporter-output>
          </reporter-output>
        </test-method> <!-- openBrowser -->
        <test-method is-config="true" signature="logIn()[pri:0, instance:com.SwagLab.testScripts.AboutSwagLab@145f66e3]" started-at="2024-05-23T10:35:45 IST" name="logIn" finished-at="2024-05-23T10:35:50 IST" duration-ms="4976" status="PASS">
          <reporter-output>
          </reporter-output>
        </test-method> <!-- logIn -->
        <test-method signature="aboutSwag()[pri:0, instance:com.SwagLab.testScripts.AboutSwagLab@145f66e3]" started-at="2024-05-23T10:35:50 IST" name="aboutSwag" finished-at="2024-05-23T10:36:01 IST" duration-ms="11371" status="PASS">
          <reporter-output>
          </reporter-output>
        </test-method> <!-- aboutSwag -->
        <test-method is-config="true" signature="logOut()[pri:0, instance:com.SwagLab.testScripts.AboutSwagLab@145f66e3]" started-at="2024-05-23T10:36:01 IST" name="logOut" finished-at="2024-05-23T10:36:06 IST" duration-ms="4591" status="PASS">
          <reporter-output>
          </reporter-output>
        </test-method> <!-- logOut -->
        <test-method is-config="true" signature="closeBrowser()[pri:0, instance:com.SwagLab.testScripts.AboutSwagLab@145f66e3]" started-at="2024-05-23T10:36:06 IST" name="closeBrowser" finished-at="2024-05-23T10:36:07 IST" duration-ms="1806" status="PASS">
          <reporter-output>
          </reporter-output>
        </test-method> <!-- closeBrowser -->
      </class> <!-- com.SwagLab.testScripts.AboutSwagLab -->
    </test> <!-- Test -->
  </suite> <!-- Suite -->
</testng-results>
